|==============================================================================|
|=========                      OpenRAM v1.2.35                       =========|
|=========                                                            =========|
|=========               VLSI Design and Automation Lab               =========|
|=========        Computer Science and Engineering Department         =========|
|=========            University of California Santa Cruz             =========|
|=========                                                            =========|
|=========          Usage help: openram-user-group@ucsc.edu           =========|
|=========        Development help: openram-dev-group@ucsc.edu        =========|
|=========                See LICENSE for license info                =========|
|==============================================================================|
** Start: 12/02/2023 23:41:48
Technology: freepdk45
Total size: 736 bits
Word size: 23
Words: 32
Banks: 1
RW ports: 1
R-only ports: 0
W-only ports: 0
Design supply routing skipped. Supplies will have multiple must-connect pins. (route_supplies=True to enable supply routing).
DRC/LVS/PEX is only run on the top-level design to save run-time (inline_lvsdrc=True to do inline checking).
DRC/LVS/PEX is disabled (check_lvsdrc=True to enable).
Characterization is disabled (using analytical delay models) (analytical_delay=False to simulate).
Only generating nominal corner timing.
Words per row: None
Output files are: 
/home/haor2/ece411/fa23_ece411_CRC/mp4/sram/output/mp3_tag_array_2/mp3_tag_array_2.lvs
/home/haor2/ece411/fa23_ece411_CRC/mp4/sram/output/mp3_tag_array_2/mp3_tag_array_2.sp
/home/haor2/ece411/fa23_ece411_CRC/mp4/sram/output/mp3_tag_array_2/mp3_tag_array_2.v
/home/haor2/ece411/fa23_ece411_CRC/mp4/sram/output/mp3_tag_array_2/mp3_tag_array_2.lib
/home/haor2/ece411/fa23_ece411_CRC/mp4/sram/output/mp3_tag_array_2/mp3_tag_array_2.py
/home/haor2/ece411/fa23_ece411_CRC/mp4/sram/output/mp3_tag_array_2/mp3_tag_array_2.html
/home/haor2/ece411/fa23_ece411_CRC/mp4/sram/output/mp3_tag_array_2/mp3_tag_array_2.log
/home/haor2/ece411/fa23_ece411_CRC/mp4/sram/output/mp3_tag_array_2/mp3_tag_array_2.lef
/home/haor2/ece411/fa23_ece411_CRC/mp4/sram/output/mp3_tag_array_2/mp3_tag_array_2.gds
** Submodules: 2.3 seconds
** Placement: 0.0 seconds
** Routing: 17.5 seconds
** Verification: 0.0 seconds
** SRAM creation: 19.8 seconds
SP: Writing to /home/haor2/ece411/fa23_ece411_CRC/mp4/sram/output/mp3_tag_array_2/mp3_tag_array_2.sp
** Spice writing: 0.1 seconds
DELAY: Writing stimulus...
** DELAY: 0.2 seconds
GDS: Writing to /home/haor2/ece411/fa23_ece411_CRC/mp4/sram/output/mp3_tag_array_2/mp3_tag_array_2.gds
** GDS: 0.1 seconds
LEF: Writing to /home/haor2/ece411/fa23_ece411_CRC/mp4/sram/output/mp3_tag_array_2/mp3_tag_array_2.lef
** LEF: 0.0 seconds
LVS: Writing to /home/haor2/ece411/fa23_ece411_CRC/mp4/sram/output/mp3_tag_array_2/mp3_tag_array_2.lvs.sp
** LVS writing: 0.0 seconds
LIB: Characterizing... 
WARNING: file lib.py: line 778: Failed to retrieve git id

** Characterization: 0.7 seconds
Config: Writing to /home/haor2/ece411/fa23_ece411_CRC/mp4/sram/output/mp3_tag_array_2/mp3_tag_array_2.py
** Config: 0.0 seconds
Datasheet: Writing to /home/haor2/ece411/fa23_ece411_CRC/mp4/sram/output/mp3_tag_array_2/mp3_tag_array_2.html
** Datasheet: 0.0 seconds
Verilog: Writing to /home/haor2/ece411/fa23_ece411_CRC/mp4/sram/output/mp3_tag_array_2/mp3_tag_array_2.v
** Verilog: 0.0 seconds
Extended Config: Writing to /home/haor2/ece411/fa23_ece411_CRC/mp4/sram/output/mp3_tag_array_2/mp3_tag_array_2_extended.py
** Extended Config: 0.0 seconds
** End: 21.2 seconds
